Sep 16, 2023 6:09:25 PM net.etfbl.pj2.FileUtils serializeIncident
SEVERE: An error occurred while writing to file: /output/incidentsincidents_2023-09-16_18-09-25.bin
java.io.FileNotFoundException: /output/incidentsincidents_2023-09-16_18-09-25.bin (No such file or directory)
	at java.base/java.io.FileOutputStream.open0(Native Method)
	at java.base/java.io.FileOutputStream.open(FileOutputStream.java:295)
	at java.base/java.io.FileOutputStream.<init>(FileOutputStream.java:236)
	at java.base/java.io.FileOutputStream.<init>(FileOutputStream.java:185)
	at net.etfbl.pj2.FileUtils.serializeIncident(FileUtils.java:50)
	at net.etfbl.pj2.PoliceTerminal.checkPassports(PoliceTerminal.java:41)
	at net.etfbl.pj2.PoliceTerminal.processVehicle(PoliceTerminal.java:62)
	at net.etfbl.pj2.Car.run(Car.java:60)

Sep 16, 2023 6:09:25 PM net.etfbl.pj2.FileUtils serializeIncident
SEVERE: An error occurred while writing to file: /output/incidentsincidents_2023-09-16_18-09-25.bin
java.io.FileNotFoundException: /output/incidentsincidents_2023-09-16_18-09-25.bin (No such file or directory)
	at java.base/java.io.FileOutputStream.open0(Native Method)
	at java.base/java.io.FileOutputStream.open(FileOutputStream.java:295)
	at java.base/java.io.FileOutputStream.<init>(FileOutputStream.java:236)
	at java.base/java.io.FileOutputStream.<init>(FileOutputStream.java:185)
	at net.etfbl.pj2.FileUtils.serializeIncident(FileUtils.java:50)
	at net.etfbl.pj2.PoliceTerminal.checkPassports(PoliceTerminal.java:41)
	at net.etfbl.pj2.PoliceTerminal.processVehicle(PoliceTerminal.java:62)
	at net.etfbl.pj2.Car.run(Car.java:60)

Sep 16, 2023 6:09:25 PM net.etfbl.pj2.FileUtils serializeIncident
SEVERE: An error occurred while writing to file: /output/incidentsincidents_2023-09-16_18-09-25.bin
java.io.FileNotFoundException: /output/incidentsincidents_2023-09-16_18-09-25.bin (No such file or directory)
	at java.base/java.io.FileOutputStream.open0(Native Method)
	at java.base/java.io.FileOutputStream.open(FileOutputStream.java:295)
	at java.base/java.io.FileOutputStream.<init>(FileOutputStream.java:236)
	at java.base/java.io.FileOutputStream.<init>(FileOutputStream.java:185)
	at net.etfbl.pj2.FileUtils.serializeIncident(FileUtils.java:50)
	at net.etfbl.pj2.PoliceTerminal.checkPassports(PoliceTerminal.java:41)
	at net.etfbl.pj2.PoliceTerminal.processVehicle(PoliceTerminal.java:62)
	at net.etfbl.pj2.Car.run(Car.java:60)

Sep 16, 2023 6:09:25 PM net.etfbl.pj2.FileUtils serializeIncident
SEVERE: An error occurred while writing to file: /output/incidentsincidents_2023-09-16_18-09-25.bin
java.io.FileNotFoundException: /output/incidentsincidents_2023-09-16_18-09-25.bin (No such file or directory)
	at java.base/java.io.FileOutputStream.open0(Native Method)
	at java.base/java.io.FileOutputStream.open(FileOutputStream.java:295)
	at java.base/java.io.FileOutputStream.<init>(FileOutputStream.java:236)
	at java.base/java.io.FileOutputStream.<init>(FileOutputStream.java:185)
	at net.etfbl.pj2.FileUtils.serializeIncident(FileUtils.java:50)
	at net.etfbl.pj2.PoliceTerminal.checkPassports(PoliceTerminal.java:41)
	at net.etfbl.pj2.PoliceTerminal.processVehicle(PoliceTerminal.java:62)
	at net.etfbl.pj2.Car.run(Car.java:60)

Sep 16, 2023 6:09:25 PM net.etfbl.pj2.FileUtils serializeIncident
SEVERE: An error occurred while writing to file: /output/incidentsincidents_2023-09-16_18-09-25.bin
java.io.FileNotFoundException: /output/incidentsincidents_2023-09-16_18-09-25.bin (No such file or directory)
	at java.base/java.io.FileOutputStream.open0(Native Method)
	at java.base/java.io.FileOutputStream.open(FileOutputStream.java:295)
	at java.base/java.io.FileOutputStream.<init>(FileOutputStream.java:236)
	at java.base/java.io.FileOutputStream.<init>(FileOutputStream.java:185)
	at net.etfbl.pj2.FileUtils.serializeIncident(FileUtils.java:50)
	at net.etfbl.pj2.PoliceTerminal.checkPassports(PoliceTerminal.java:41)
	at net.etfbl.pj2.PoliceTerminal.processVehicle(PoliceTerminal.java:67)
	at net.etfbl.pj2.Bus.run(Bus.java:45)

Sep 16, 2023 6:09:25 PM net.etfbl.pj2.FileUtils serializeIncident
SEVERE: An error occurred while writing to file: /output/incidentsincidents_2023-09-16_18-09-25.bin
java.io.FileNotFoundException: /output/incidentsincidents_2023-09-16_18-09-25.bin (No such file or directory)
	at java.base/java.io.FileOutputStream.open0(Native Method)
	at java.base/java.io.FileOutputStream.open(FileOutputStream.java:295)
	at java.base/java.io.FileOutputStream.<init>(FileOutputStream.java:236)
	at java.base/java.io.FileOutputStream.<init>(FileOutputStream.java:185)
	at net.etfbl.pj2.FileUtils.serializeIncident(FileUtils.java:50)
	at net.etfbl.pj2.PoliceTerminal.checkPassports(PoliceTerminal.java:41)
	at net.etfbl.pj2.PoliceTerminal.processVehicle(PoliceTerminal.java:67)
	at net.etfbl.pj2.Bus.run(Bus.java:45)

Sep 16, 2023 6:09:25 PM net.etfbl.pj2.FileUtils serializeIncident
SEVERE: An error occurred while writing to file: /output/incidentsincidents_2023-09-16_18-09-25.bin
java.io.FileNotFoundException: /output/incidentsincidents_2023-09-16_18-09-25.bin (No such file or directory)
	at java.base/java.io.FileOutputStream.open0(Native Method)
	at java.base/java.io.FileOutputStream.open(FileOutputStream.java:295)
	at java.base/java.io.FileOutputStream.<init>(FileOutputStream.java:236)
	at java.base/java.io.FileOutputStream.<init>(FileOutputStream.java:185)
	at net.etfbl.pj2.FileUtils.serializeIncident(FileUtils.java:50)
	at net.etfbl.pj2.PoliceTerminal.checkPassports(PoliceTerminal.java:41)
	at net.etfbl.pj2.PoliceTerminal.processVehicle(PoliceTerminal.java:67)
	at net.etfbl.pj2.Bus.run(Bus.java:45)

